{
  "numFailedTestSuites": 0,
  "numFailedTests": 0,
  "numPassedTestSuites": 1,
  "numPassedTests": 1,
  "numPendingTestSuites": 0,
  "numPendingTests": 0,
  "numRuntimeErrorTestSuites": 0,
  "numTodoTests": 0,
  "numTotalTestSuites": 1,
  "numTotalTests": 1,
  "openHandles": [],
  "snapshot": {
    "added": 0,
    "didUpdate": false,
    "failure": false,
    "filesAdded": 0,
    "filesRemoved": 0,
    "filesRemovedList": [],
    "filesUnmatched": 0,
    "filesUpdated": 0,
    "matched": 0,
    "total": 0,
    "unchecked": 0,
    "uncheckedKeysByFile": [],
    "unmatched": 0,
    "updated": 0
  },
  "startTime": 1574538089759,
  "success": false,
  "testResults": [
    {
      "failureMessage": null,
      "leaks": false,
      "memoryUsage": 0,
      "numFailingTests": 0,
      "numPassingTests": 1,
      "numPendingTests": 0,
      "skipped": false,
      "snapshot": {
        "added": 0,
        "fileDeleted": false,
        "matched": 0,
        "unchecked": 0,
        "uncheckedKeys": [],
        "unmatched": 0,
        "updated": 0
      },
      "testFilePath": "C:\\Users\\Fral\\source\\repos\\hrbowers\\alexa-accessibility\\tests\\demo.test.yml",
      "testResults": [
        {
          "ancestorTitles": [
            "en-US",
            "Launch request, nothing further"
          ],
          "duration": 1066,
          "failureMessages": [],
          "location": {
            "column": 0,
            "line": 0
          },
          "numPassingAsserts": 0,
          "status": "passed",
          "title": "LaunchRequest"
        }
      ],
      "perfStats": {
        "end": 1574538092511,
        "start": 1574538089867
      },
      "numTodoTests": 0
    }
  ],
  "wasInterrupted": false,
  "coverageMap": {}
}