TN:
SF:C:\Users\Fral\source\repos\hrbowers\alexa-accessibility\lambda\custom\dbConnect.js
FN:5,(anonymous_0)
FN:12,(anonymous_1)
FN:14,(anonymous_2)
FN:31,(anonymous_3)
FNF:4
FNH:0
FNDA:0,(anonymous_0)
FNDA:0,(anonymous_1)
FNDA:0,(anonymous_2)
FNDA:0,(anonymous_3)
DA:1,0
DA:2,0
DA:3,0
DA:5,0
DA:7,0
DA:12,0
DA:14,0
DA:17,0
DA:31,0
DA:32,0
DA:33,0
DA:34,0
DA:37,0
DA:38,0
DA:44,0
LF:15
LH:0
BRDA:32,0,0,0
BRDA:32,0,1,0
BRF:2
BRH:0
end_of_record
TN:
SF:C:\Users\Fral\source\repos\hrbowers\alexa-accessibility\lambda\custom\index.js
FN:6,(anonymous_0)
FN:9,(anonymous_1)
FN:41,(anonymous_2)
FN:52,(anonymous_3)
FN:76,(anonymous_4)
FN:87,(anonymous_5)
FN:110,(anonymous_6)
FN:121,(anonymous_7)
FN:148,(anonymous_8)
FN:152,(anonymous_9)
FN:261,(anonymous_10)
FN:265,(anonymous_11)
FN:350,(anonymous_12)
FN:354,(anonymous_13)
FN:389,(anonymous_14)
FN:393,(anonymous_15)
FN:407,(anonymous_16)
FN:411,(anonymous_17)
FN:420,(anonymous_18)
FN:423,(anonymous_19)
FN:437,(anonymous_20)
FN:440,(anonymous_21)
FN:455,(anonymous_22)
FN:458,(anonymous_23)
FN:496,saveAppeal
FN:498,(anonymous_25)
FN:501,(anonymous_26)
FNF:27
FNH:0
FNDA:0,(anonymous_0)
FNDA:0,(anonymous_1)
FNDA:0,(anonymous_2)
FNDA:0,(anonymous_3)
FNDA:0,(anonymous_4)
FNDA:0,(anonymous_5)
FNDA:0,(anonymous_6)
FNDA:0,(anonymous_7)
FNDA:0,(anonymous_8)
FNDA:0,(anonymous_9)
FNDA:0,(anonymous_10)
FNDA:0,(anonymous_11)
FNDA:0,(anonymous_12)
FNDA:0,(anonymous_13)
FNDA:0,(anonymous_14)
FNDA:0,(anonymous_15)
FNDA:0,(anonymous_16)
FNDA:0,(anonymous_17)
FNDA:0,(anonymous_18)
FNDA:0,(anonymous_19)
FNDA:0,(anonymous_20)
FNDA:0,(anonymous_21)
FNDA:0,(anonymous_22)
FNDA:0,(anonymous_23)
FNDA:0,saveAppeal
FNDA:0,(anonymous_25)
FNDA:0,(anonymous_26)
DA:2,0
DA:3,0
DA:5,0
DA:7,0
DA:12,0
DA:13,0
DA:14,0
DA:15,0
DA:17,0
DA:26,0
DA:27,0
DA:40,0
DA:42,0
DA:44,0
DA:53,0
DA:54,0
DA:56,0
DA:58,0
DA:62,0
DA:75,0
DA:77,0
DA:79,0
DA:88,0
DA:89,0
DA:91,0
DA:93,0
DA:96,0
DA:109,0
DA:111,0
DA:113,0
DA:122,0
DA:123,0
DA:125,0
DA:127,0
DA:130,0
DA:147,0
DA:149,0
DA:153,0
DA:154,0
DA:157,0
DA:158,0
DA:159,0
DA:160,0
DA:164,0
DA:167,0
DA:168,0
DA:169,0
DA:170,0
DA:172,0
DA:174,0
DA:175,0
DA:179,0
DA:184,0
DA:189,0
DA:190,0
DA:193,0
DA:199,0
DA:201,0
DA:205,0
DA:206,0
DA:207,0
DA:208,0
DA:209,0
DA:211,0
DA:212,0
DA:213,0
DA:214,0
DA:218,0
DA:219,0
DA:221,0
DA:224,0
DA:228,0
DA:229,0
DA:230,0
DA:234,0
DA:235,0
DA:236,0
DA:240,0
DA:241,0
DA:242,0
DA:243,0
DA:245,0
DA:249,0
DA:253,0
DA:260,0
DA:262,0
DA:266,0
DA:267,0
DA:269,0
DA:270,0
DA:273,0
DA:275,0
DA:276,0
DA:278,0
DA:282,0
DA:284,0
DA:285,0
DA:287,0
DA:291,0
DA:293,0
DA:294,0
DA:296,0
DA:300,0
DA:302,0
DA:305,0
DA:307,0
DA:308,0
DA:312,0
DA:314,0
DA:317,0
DA:319,0
DA:323,0
DA:324,0
DA:327,0
DA:333,0
DA:334,0
DA:335,0
DA:339,0
DA:349,0
DA:351,0
DA:355,0
DA:356,0
DA:358,0
DA:360,0
DA:363,0
DA:365,0
DA:368,0
DA:370,0
DA:373,0
DA:375,0
DA:380,0
DA:381,0
DA:388,0
DA:390,0
DA:394,0
DA:396,0
DA:397,0
DA:399,0
DA:406,0
DA:408,0
DA:412,0
DA:413,0
DA:419,0
DA:421,0
DA:425,0
DA:426,0
DA:436,0
DA:438,0
DA:441,0
DA:442,0
DA:444,0
DA:454,0
DA:456,0
DA:459,0
DA:460,0
DA:462,0
DA:472,0
DA:474,0
DA:497,0
DA:499,0
DA:502,0
DA:503,0
LF:162
LH:0
BRDA:44,0,0,0
BRDA:44,0,1,0
BRDA:44,0,2,0
BRDA:44,0,3,0
BRDA:44,0,4,0
BRDA:44,0,5,0
BRDA:79,1,0,0
BRDA:79,1,1,0
BRDA:79,1,2,0
BRDA:79,1,3,0
BRDA:79,1,4,0
BRDA:79,1,5,0
BRDA:113,2,0,0
BRDA:113,2,1,0
BRDA:113,2,2,0
BRDA:113,2,3,0
BRDA:113,2,4,0
BRDA:113,2,5,0
BRDA:149,3,0,0
BRDA:149,3,1,0
BRDA:158,4,0,0
BRDA:158,4,1,0
BRDA:164,5,0,0
BRDA:164,5,1,0
BRDA:174,6,0,0
BRDA:174,6,1,0
BRDA:189,7,0,0
BRDA:189,7,1,0
BRDA:199,8,0,0
BRDA:199,8,1,0
BRDA:199,9,0,0
BRDA:199,9,1,0
BRDA:199,9,2,0
BRDA:199,9,3,0
BRDA:205,10,0,0
BRDA:205,10,1,0
BRDA:218,11,0,0
BRDA:218,11,1,0
BRDA:228,12,0,0
BRDA:228,12,1,0
BRDA:228,13,0,0
BRDA:228,13,1,0
BRDA:234,14,0,0
BRDA:234,14,1,0
BRDA:234,15,0,0
BRDA:234,15,1,0
BRDA:240,16,0,0
BRDA:240,16,1,0
BRDA:240,17,0,0
BRDA:240,17,1,0
BRDA:262,18,0,0
BRDA:262,18,1,0
BRDA:273,19,0,0
BRDA:273,19,1,0
BRDA:282,20,0,0
BRDA:282,20,1,0
BRDA:291,21,0,0
BRDA:291,21,1,0
BRDA:300,22,0,0
BRDA:300,22,1,0
BRDA:312,23,0,0
BRDA:312,23,1,0
BRDA:323,24,0,0
BRDA:323,24,1,0
BRDA:333,25,0,0
BRDA:333,25,1,0
BRDA:351,26,0,0
BRDA:351,26,1,0
BRDA:358,27,0,0
BRDA:358,27,1,0
BRDA:358,27,2,0
BRDA:358,27,3,0
BRDA:390,28,0,0
BRDA:390,28,1,0
BRDA:408,29,0,0
BRDA:408,29,1,0
BRF:76
BRH:0
end_of_record
TN:
SF:C:\Users\Fral\source\repos\hrbowers\alexa-accessibility\lambda\custom\local-debugger.js
FN:39,(anonymous_0)
FN:52,(anonymous_1)
FN:54,(anonymous_2)
FN:57,(anonymous_3)
FN:70,getAndValidatePortNumber
FN:90,getLambdaHandlerName
FN:100,getAndValidateSkillInvokerFile
FN:114,getArgument
FNF:8
FNH:0
FNDA:0,(anonymous_0)
FNDA:0,(anonymous_1)
FNDA:0,(anonymous_2)
FNDA:0,(anonymous_3)
FNDA:0,getAndValidatePortNumber
FNDA:0,getLambdaHandlerName
FNDA:0,getAndValidateSkillInvokerFile
FNDA:0,getArgument
DA:14,0
DA:15,0
DA:17,0
DA:19,0
DA:20,0
DA:21,0
DA:22,0
DA:23,0
DA:31,0
DA:32,0
DA:33,0
DA:39,0
DA:40,0
DA:52,0
DA:53,0
DA:54,0
DA:55,0
DA:56,0
DA:57,0
DA:58,0
DA:59,0
DA:60,0
DA:71,0
DA:72,0
DA:73,0
DA:75,0
DA:76,0
DA:78,0
DA:79,0
DA:82,0
DA:91,0
DA:101,0
DA:102,0
DA:103,0
DA:105,0
DA:115,0
DA:116,0
DA:117,0
DA:118,0
DA:120,0
DA:123,0
LF:41
LH:0
BRDA:72,0,0,0
BRDA:72,0,1,0
BRDA:75,1,0,0
BRDA:75,1,1,0
BRDA:75,2,0,0
BRDA:75,2,1,0
BRDA:78,3,0,0
BRDA:78,3,1,0
BRDA:102,4,0,0
BRDA:102,4,1,0
BRDA:116,5,0,0
BRDA:116,5,1,0
BRDA:116,6,0,0
BRDA:116,6,1,0
BRDA:117,7,0,0
BRDA:117,7,1,0
BRF:16
BRH:0
end_of_record
TN:
SF:C:\Users\Fral\source\repos\hrbowers\alexa-accessibility\lambda\custom\util.js
FN:7,getS3PreSignedUrl
FNF:1
FNH:0
FNDA:0,getS3PreSignedUrl
DA:1,0
DA:3,0
DA:7,0
DA:9,0
DA:10,0
DA:15,0
DA:16,0
LF:7
LH:0
BRF:0
BRH:0
end_of_record
