{
  "numFailedTestSuites": 1,
  "numFailedTests": 1,
  "numPassedTestSuites": 0,
  "numPassedTests": 0,
  "numPendingTestSuites": 0,
  "numPendingTests": 0,
  "numRuntimeErrorTestSuites": 0,
  "numTodoTests": 0,
  "numTotalTestSuites": 1,
  "numTotalTests": 1,
  "openHandles": [],
  "snapshot": {
    "added": 0,
    "didUpdate": false,
    "failure": false,
    "filesAdded": 0,
    "filesRemoved": 0,
    "filesRemovedList": [],
    "filesUnmatched": 0,
    "filesUpdated": 0,
    "matched": 0,
    "total": 0,
    "unchecked": 0,
    "uncheckedKeysByFile": [],
    "unmatched": 0,
    "updated": 0
  },
  "startTime": 1574540082545,
  "success": false,
  "testResults": [
    {
      "failureMessage": "\u001b[1m\u001b[31m  \u001b[1m● \u001b[1mGlobal\u001b[39m\u001b[22m\n\n    Locale must be defined either in the testing.json or the test file itself under the config element\n\u001b[2m\u001b[22m\n\u001b[2m\u001b[22m\n",
      "leaks": false,
      "memoryUsage": 0,
      "numFailingTests": 1,
      "numPassingTests": 0,
      "numPendingTests": 0,
      "skipped": false,
      "snapshot": {
        "added": 0,
        "fileDeleted": false,
        "matched": 0,
        "unchecked": 0,
        "uncheckedKeys": [],
        "unmatched": 0,
        "updated": 0
      },
      "testFilePath": "C:\\Users\\Fral\\source\\repos\\hrbowers\\alexa-accessibility\\tests\\demo.test.yml",
      "testResults": [
        {
          "ancestorTitles": [],
          "duration": 0,
          "failureMessages": [
            "Locale must be defined either in the testing.json or the test file itself under the config element"
          ],
          "location": {
            "column": 0,
            "line": 0
          },
          "numPassingAsserts": 0,
          "status": "failed",
          "title": "Global"
        }
      ],
      "perfStats": {
        "end": 1574540083333,
        "start": 1574540082656
      },
      "numTodoTests": 0
    }
  ],
  "wasInterrupted": false,
  "coverageMap": {
    "C:\\Users\\Fral\\source\\repos\\hrbowers\\alexa-accessibility\\lambda\\custom\\dbConnect.js": {
      "path": "C:\\Users\\Fral\\source\\repos\\hrbowers\\alexa-accessibility\\lambda\\custom\\dbConnect.js",
      "statementMap": {
        "0": {
          "start": {
            "line": 1,
            "column": 10
          },
          "end": {
            "line": 1,
            "column": 28
          }
        },
        "1": {
          "start": {
            "line": 2,
            "column": 0
          },
          "end": {
            "line": 2,
            "column": 43
          }
        },
        "2": {
          "start": {
            "line": 3,
            "column": 18
          },
          "end": {
            "line": 3,
            "column": 31
          }
        },
        "3": {
          "start": {
            "line": 5,
            "column": 16
          },
          "end": {
            "line": 5,
            "column": 31
          }
        },
        "4": {
          "start": {
            "line": 7,
            "column": 16
          },
          "end": {
            "line": 7,
            "column": 49
          }
        },
        "5": {
          "start": {
            "line": 12,
            "column": 0
          },
          "end": {
            "line": 42,
            "column": 1
          }
        },
        "6": {
          "start": {
            "line": 14,
            "column": 4
          },
          "end": {
            "line": 41,
            "column": 7
          }
        },
        "7": {
          "start": {
            "line": 17,
            "column": 23
          },
          "end": {
            "line": 28,
            "column": 9
          }
        },
        "8": {
          "start": {
            "line": 31,
            "column": 8
          },
          "end": {
            "line": 39,
            "column": 11
          }
        },
        "9": {
          "start": {
            "line": 32,
            "column": 12
          },
          "end": {
            "line": 35,
            "column": 13
          }
        },
        "10": {
          "start": {
            "line": 33,
            "column": 16
          },
          "end": {
            "line": 33,
            "column": 80
          }
        },
        "11": {
          "start": {
            "line": 34,
            "column": 16
          },
          "end": {
            "line": 34,
            "column": 49
          }
        },
        "12": {
          "start": {
            "line": 37,
            "column": 12
          },
          "end": {
            "line": 37,
            "column": 73
          }
        },
        "13": {
          "start": {
            "line": 38,
            "column": 12
          },
          "end": {
            "line": 38,
            "column": 26
          }
        },
        "14": {
          "start": {
            "line": 44,
            "column": 0
          },
          "end": {
            "line": 44,
            "column": 33
          }
        }
      },
      "fnMap": {
        "0": {
          "name": "(anonymous_0)",
          "decl": {
            "start": {
              "line": 5,
              "column": 16
            },
            "end": {
              "line": 5,
              "column": 17
            }
          },
          "loc": {
            "start": {
              "line": 5,
              "column": 28
            },
            "end": {
              "line": 5,
              "column": 31
            }
          },
          "line": 5
        },
        "1": {
          "name": "(anonymous_1)",
          "decl": {
            "start": {
              "line": 12,
              "column": 29
            },
            "end": {
              "line": 12,
              "column": 30
            }
          },
          "loc": {
            "start": {
              "line": 12,
              "column": 58
            },
            "end": {
              "line": 42,
              "column": 1
            }
          },
          "line": 12
        },
        "2": {
          "name": "(anonymous_2)",
          "decl": {
            "start": {
              "line": 14,
              "column": 23
            },
            "end": {
              "line": 14,
              "column": 24
            }
          },
          "loc": {
            "start": {
              "line": 14,
              "column": 44
            },
            "end": {
              "line": 41,
              "column": 5
            }
          },
          "line": 14
        },
        "3": {
          "name": "(anonymous_3)",
          "decl": {
            "start": {
              "line": 31,
              "column": 30
            },
            "end": {
              "line": 31,
              "column": 31
            }
          },
          "loc": {
            "start": {
              "line": 31,
              "column": 45
            },
            "end": {
              "line": 39,
              "column": 9
            }
          },
          "line": 31
        }
      },
      "branchMap": {
        "0": {
          "loc": {
            "start": {
              "line": 32,
              "column": 12
            },
            "end": {
              "line": 35,
              "column": 13
            }
          },
          "type": "if",
          "locations": [
            {
              "start": {
                "line": 32,
                "column": 12
              },
              "end": {
                "line": 35,
                "column": 13
              }
            },
            {
              "start": {
                "line": 32,
                "column": 12
              },
              "end": {
                "line": 35,
                "column": 13
              }
            }
          ],
          "line": 32
        }
      },
      "s": {
        "0": 0,
        "1": 0,
        "2": 0,
        "3": 0,
        "4": 0,
        "5": 0,
        "6": 0,
        "7": 0,
        "8": 0,
        "9": 0,
        "10": 0,
        "11": 0,
        "12": 0,
        "13": 0,
        "14": 0
      },
      "f": {
        "0": 0,
        "1": 0,
        "2": 0,
        "3": 0
      },
      "b": {
        "0": [
          0,
          0
        ]
      },
      "hash": "16d46bee1a573090bc723a71bf6a314ef0591e25"
    },
    "C:\\Users\\Fral\\source\\repos\\hrbowers\\alexa-accessibility\\lambda\\custom\\index.js": {
      "path": "C:\\Users\\Fral\\source\\repos\\hrbowers\\alexa-accessibility\\lambda\\custom\\index.js",
      "statementMap": {
        "0": {
          "start": {
            "line": 2,
            "column": 14
          },
          "end": {
            "line": 2,
            "column": 32
          }
        },
        "1": {
          "start": {
            "line": 3,
            "column": 17
          },
          "end": {
            "line": 3,
            "column": 39
          }
        },
        "2": {
          "start": {
            "line": 5,
            "column": 29
          },
          "end": {
            "line": 32,
            "column": 1
          }
        },
        "3": {
          "start": {
            "line": 7,
            "column": 8
          },
          "end": {
            "line": 7,
            "column": 86
          }
        },
        "4": {
          "start": {
            "line": 12,
            "column": 34
          },
          "end": {
            "line": 12,
            "column": 64
          }
        },
        "5": {
          "start": {
            "line": 13,
            "column": 34
          },
          "end": {
            "line": 13,
            "column": 74
          }
        },
        "6": {
          "start": {
            "line": 14,
            "column": 8
          },
          "end": {
            "line": 14,
            "column": 59
          }
        },
        "7": {
          "start": {
            "line": 15,
            "column": 8
          },
          "end": {
            "line": 15,
            "column": 54
          }
        },
        "8": {
          "start": {
            "line": 17,
            "column": 28
          },
          "end": {
            "line": 17,
            "column": 84
          }
        },
        "9": {
          "start": {
            "line": 26,
            "column": 29
          },
          "end": {
            "line": 26,
            "column": 105
          }
        },
        "10": {
          "start": {
            "line": 27,
            "column": 8
          },
          "end": {
            "line": 30,
            "column": 27
          }
        },
        "11": {
          "start": {
            "line": 40,
            "column": 25
          },
          "end": {
            "line": 67,
            "column": 1
          }
        },
        "12": {
          "start": {
            "line": 42,
            "column": 34
          },
          "end": {
            "line": 42,
            "column": 87
          }
        },
        "13": {
          "start": {
            "line": 44,
            "column": 8
          },
          "end": {
            "line": 50,
            "column": 82
          }
        },
        "14": {
          "start": {
            "line": 53,
            "column": 34
          },
          "end": {
            "line": 53,
            "column": 87
          }
        },
        "15": {
          "start": {
            "line": 54,
            "column": 8
          },
          "end": {
            "line": 54,
            "column": 55
          }
        },
        "16": {
          "start": {
            "line": 56,
            "column": 8
          },
          "end": {
            "line": 56,
            "column": 95
          }
        },
        "17": {
          "start": {
            "line": 58,
            "column": 29
          },
          "end": {
            "line": 59,
            "column": 32
          }
        },
        "18": {
          "start": {
            "line": 62,
            "column": 8
          },
          "end": {
            "line": 65,
            "column": 27
          }
        },
        "19": {
          "start": {
            "line": 75,
            "column": 27
          },
          "end": {
            "line": 101,
            "column": 1
          }
        },
        "20": {
          "start": {
            "line": 77,
            "column": 34
          },
          "end": {
            "line": 77,
            "column": 87
          }
        },
        "21": {
          "start": {
            "line": 79,
            "column": 8
          },
          "end": {
            "line": 85,
            "column": 82
          }
        },
        "22": {
          "start": {
            "line": 88,
            "column": 34
          },
          "end": {
            "line": 88,
            "column": 87
          }
        },
        "23": {
          "start": {
            "line": 89,
            "column": 8
          },
          "end": {
            "line": 89,
            "column": 57
          }
        },
        "24": {
          "start": {
            "line": 91,
            "column": 8
          },
          "end": {
            "line": 91,
            "column": 95
          }
        },
        "25": {
          "start": {
            "line": 93,
            "column": 29
          },
          "end": {
            "line": 94,
            "column": 32
          }
        },
        "26": {
          "start": {
            "line": 96,
            "column": 8
          },
          "end": {
            "line": 99,
            "column": 27
          }
        },
        "27": {
          "start": {
            "line": 109,
            "column": 26
          },
          "end": {
            "line": 135,
            "column": 1
          }
        },
        "28": {
          "start": {
            "line": 111,
            "column": 34
          },
          "end": {
            "line": 111,
            "column": 87
          }
        },
        "29": {
          "start": {
            "line": 113,
            "column": 8
          },
          "end": {
            "line": 119,
            "column": 78
          }
        },
        "30": {
          "start": {
            "line": 122,
            "column": 34
          },
          "end": {
            "line": 122,
            "column": 87
          }
        },
        "31": {
          "start": {
            "line": 123,
            "column": 8
          },
          "end": {
            "line": 123,
            "column": 56
          }
        },
        "32": {
          "start": {
            "line": 125,
            "column": 8
          },
          "end": {
            "line": 125,
            "column": 95
          }
        },
        "33": {
          "start": {
            "line": 127,
            "column": 29
          },
          "end": {
            "line": 128,
            "column": 55
          }
        },
        "34": {
          "start": {
            "line": 130,
            "column": 8
          },
          "end": {
            "line": 133,
            "column": 27
          }
        },
        "35": {
          "start": {
            "line": 147,
            "column": 25
          },
          "end": {
            "line": 258,
            "column": 1
          }
        },
        "36": {
          "start": {
            "line": 149,
            "column": 8
          },
          "end": {
            "line": 150,
            "column": 88
          }
        },
        "37": {
          "start": {
            "line": 153,
            "column": 27
          },
          "end": {
            "line": 153,
            "column": 29
          }
        },
        "38": {
          "start": {
            "line": 154,
            "column": 23
          },
          "end": {
            "line": 154,
            "column": 25
          }
        },
        "39": {
          "start": {
            "line": 157,
            "column": 34
          },
          "end": {
            "line": 157,
            "column": 64
          }
        },
        "40": {
          "start": {
            "line": 158,
            "column": 37
          },
          "end": {
            "line": 158,
            "column": 92
          }
        },
        "41": {
          "start": {
            "line": 159,
            "column": 34
          },
          "end": {
            "line": 159,
            "column": 87
          }
        },
        "42": {
          "start": {
            "line": 160,
            "column": 25
          },
          "end": {
            "line": 160,
            "column": 57
          }
        },
        "43": {
          "start": {
            "line": 164,
            "column": 8
          },
          "end": {
            "line": 250,
            "column": 9
          }
        },
        "44": {
          "start": {
            "line": 167,
            "column": 21
          },
          "end": {
            "line": 167,
            "column": 49
          }
        },
        "45": {
          "start": {
            "line": 168,
            "column": 21
          },
          "end": {
            "line": 168,
            "column": 43
          }
        },
        "46": {
          "start": {
            "line": 169,
            "column": 21
          },
          "end": {
            "line": 169,
            "column": 43
          }
        },
        "47": {
          "start": {
            "line": 170,
            "column": 21
          },
          "end": {
            "line": 170,
            "column": 43
          }
        },
        "48": {
          "start": {
            "line": 172,
            "column": 25
          },
          "end": {
            "line": 172,
            "column": 48
          }
        },
        "49": {
          "start": {
            "line": 174,
            "column": 12
          },
          "end": {
            "line": 185,
            "column": 13
          }
        },
        "50": {
          "start": {
            "line": 175,
            "column": 16
          },
          "end": {
            "line": 176,
            "column": 62
          }
        },
        "51": {
          "start": {
            "line": 179,
            "column": 16
          },
          "end": {
            "line": 181,
            "column": 31
          }
        },
        "52": {
          "start": {
            "line": 184,
            "column": 16
          },
          "end": {
            "line": 184,
            "column": 56
          }
        },
        "53": {
          "start": {
            "line": 189,
            "column": 13
          },
          "end": {
            "line": 250,
            "column": 9
          }
        },
        "54": {
          "start": {
            "line": 190,
            "column": 12
          },
          "end": {
            "line": 190,
            "column": 138
          }
        },
        "55": {
          "start": {
            "line": 193,
            "column": 12
          },
          "end": {
            "line": 195,
            "column": 31
          }
        },
        "56": {
          "start": {
            "line": 199,
            "column": 13
          },
          "end": {
            "line": 250,
            "column": 9
          }
        },
        "57": {
          "start": {
            "line": 201,
            "column": 10
          },
          "end": {
            "line": 201,
            "column": 90
          }
        },
        "58": {
          "start": {
            "line": 205,
            "column": 10
          },
          "end": {
            "line": 215,
            "column": 13
          }
        },
        "59": {
          "start": {
            "line": 206,
            "column": 16
          },
          "end": {
            "line": 206,
            "column": 44
          }
        },
        "60": {
          "start": {
            "line": 207,
            "column": 16
          },
          "end": {
            "line": 207,
            "column": 47
          }
        },
        "61": {
          "start": {
            "line": 208,
            "column": 16
          },
          "end": {
            "line": 208,
            "column": 80
          }
        },
        "62": {
          "start": {
            "line": 209,
            "column": 16
          },
          "end": {
            "line": 209,
            "column": 67
          }
        },
        "63": {
          "start": {
            "line": 211,
            "column": 16
          },
          "end": {
            "line": 211,
            "column": 69
          }
        },
        "64": {
          "start": {
            "line": 212,
            "column": 16
          },
          "end": {
            "line": 212,
            "column": 48
          }
        },
        "65": {
          "start": {
            "line": 213,
            "column": 16
          },
          "end": {
            "line": 213,
            "column": 80
          }
        },
        "66": {
          "start": {
            "line": 214,
            "column": 16
          },
          "end": {
            "line": 214,
            "column": 67
          }
        },
        "67": {
          "start": {
            "line": 218,
            "column": 12
          },
          "end": {
            "line": 222,
            "column": 13
          }
        },
        "68": {
          "start": {
            "line": 219,
            "column": 16
          },
          "end": {
            "line": 219,
            "column": 97
          }
        },
        "69": {
          "start": {
            "line": 221,
            "column": 13
          },
          "end": {
            "line": 221,
            "column": 93
          }
        },
        "70": {
          "start": {
            "line": 224,
            "column": 12
          },
          "end": {
            "line": 224,
            "column": 58
          }
        },
        "71": {
          "start": {
            "line": 228,
            "column": 13
          },
          "end": {
            "line": 250,
            "column": 9
          }
        },
        "72": {
          "start": {
            "line": 229,
            "column": 9
          },
          "end": {
            "line": 229,
            "column": 65
          }
        },
        "73": {
          "start": {
            "line": 230,
            "column": 12
          },
          "end": {
            "line": 230,
            "column": 65
          }
        },
        "74": {
          "start": {
            "line": 234,
            "column": 13
          },
          "end": {
            "line": 250,
            "column": 9
          }
        },
        "75": {
          "start": {
            "line": 235,
            "column": 9
          },
          "end": {
            "line": 235,
            "column": 87
          }
        },
        "76": {
          "start": {
            "line": 236,
            "column": 12
          },
          "end": {
            "line": 236,
            "column": 64
          }
        },
        "77": {
          "start": {
            "line": 240,
            "column": 13
          },
          "end": {
            "line": 250,
            "column": 9
          }
        },
        "78": {
          "start": {
            "line": 241,
            "column": 21
          },
          "end": {
            "line": 241,
            "column": 43
          }
        },
        "79": {
          "start": {
            "line": 242,
            "column": 21
          },
          "end": {
            "line": 242,
            "column": 43
          }
        },
        "80": {
          "start": {
            "line": 243,
            "column": 21
          },
          "end": {
            "line": 243,
            "column": 43
          }
        },
        "81": {
          "start": {
            "line": 245,
            "column": 12
          },
          "end": {
            "line": 247,
            "column": 58
          }
        },
        "82": {
          "start": {
            "line": 249,
            "column": 16
          },
          "end": {
            "line": 249,
            "column": 60
          }
        },
        "83": {
          "start": {
            "line": 253,
            "column": 8
          },
          "end": {
            "line": 256,
            "column": 27
          }
        },
        "84": {
          "start": {
            "line": 260,
            "column": 24
          },
          "end": {
            "line": 344,
            "column": 2
          }
        },
        "85": {
          "start": {
            "line": 262,
            "column": 9
          },
          "end": {
            "line": 263,
            "column": 88
          }
        },
        "86": {
          "start": {
            "line": 266,
            "column": 28
          },
          "end": {
            "line": 266,
            "column": 47
          }
        },
        "87": {
          "start": {
            "line": 267,
            "column": 27
          },
          "end": {
            "line": 267,
            "column": 29
          }
        },
        "88": {
          "start": {
            "line": 269,
            "column": 35
          },
          "end": {
            "line": 269,
            "column": 88
          }
        },
        "89": {
          "start": {
            "line": 270,
            "column": 26
          },
          "end": {
            "line": 270,
            "column": 58
          }
        },
        "90": {
          "start": {
            "line": 273,
            "column": 9
          },
          "end": {
            "line": 336,
            "column": 13
          }
        },
        "91": {
          "start": {
            "line": 275,
            "column": 10
          },
          "end": {
            "line": 275,
            "column": 88
          }
        },
        "92": {
          "start": {
            "line": 276,
            "column": 13
          },
          "end": {
            "line": 276,
            "column": 97
          }
        },
        "93": {
          "start": {
            "line": 278,
            "column": 13
          },
          "end": {
            "line": 278,
            "column": 61
          }
        },
        "94": {
          "start": {
            "line": 282,
            "column": 17
          },
          "end": {
            "line": 336,
            "column": 13
          }
        },
        "95": {
          "start": {
            "line": 284,
            "column": 10
          },
          "end": {
            "line": 284,
            "column": 81
          }
        },
        "96": {
          "start": {
            "line": 285,
            "column": 10
          },
          "end": {
            "line": 285,
            "column": 94
          }
        },
        "97": {
          "start": {
            "line": 287,
            "column": 10
          },
          "end": {
            "line": 287,
            "column": 61
          }
        },
        "98": {
          "start": {
            "line": 291,
            "column": 17
          },
          "end": {
            "line": 336,
            "column": 13
          }
        },
        "99": {
          "start": {
            "line": 293,
            "column": 16
          },
          "end": {
            "line": 293,
            "column": 110
          }
        },
        "100": {
          "start": {
            "line": 294,
            "column": 10
          },
          "end": {
            "line": 294,
            "column": 94
          }
        },
        "101": {
          "start": {
            "line": 296,
            "column": 10
          },
          "end": {
            "line": 296,
            "column": 60
          }
        },
        "102": {
          "start": {
            "line": 300,
            "column": 17
          },
          "end": {
            "line": 336,
            "column": 13
          }
        },
        "103": {
          "start": {
            "line": 302,
            "column": 16
          },
          "end": {
            "line": 304,
            "column": 130
          }
        },
        "104": {
          "start": {
            "line": 305,
            "column": 10
          },
          "end": {
            "line": 305,
            "column": 94
          }
        },
        "105": {
          "start": {
            "line": 307,
            "column": 16
          },
          "end": {
            "line": 307,
            "column": 63
          }
        },
        "106": {
          "start": {
            "line": 308,
            "column": 16
          },
          "end": {
            "line": 308,
            "column": 61
          }
        },
        "107": {
          "start": {
            "line": 312,
            "column": 17
          },
          "end": {
            "line": 336,
            "column": 13
          }
        },
        "108": {
          "start": {
            "line": 314,
            "column": 16
          },
          "end": {
            "line": 316,
            "column": 117
          }
        },
        "109": {
          "start": {
            "line": 317,
            "column": 10
          },
          "end": {
            "line": 317,
            "column": 94
          }
        },
        "110": {
          "start": {
            "line": 319,
            "column": 16
          },
          "end": {
            "line": 319,
            "column": 61
          }
        },
        "111": {
          "start": {
            "line": 323,
            "column": 17
          },
          "end": {
            "line": 336,
            "column": 13
          }
        },
        "112": {
          "start": {
            "line": 324,
            "column": 16
          },
          "end": {
            "line": 324,
            "column": 141
          }
        },
        "113": {
          "start": {
            "line": 327,
            "column": 16
          },
          "end": {
            "line": 329,
            "column": 31
          }
        },
        "114": {
          "start": {
            "line": 333,
            "column": 17
          },
          "end": {
            "line": 336,
            "column": 13
          }
        },
        "115": {
          "start": {
            "line": 334,
            "column": 16
          },
          "end": {
            "line": 334,
            "column": 71
          }
        },
        "116": {
          "start": {
            "line": 335,
            "column": 16
          },
          "end": {
            "line": 335,
            "column": 67
          }
        },
        "117": {
          "start": {
            "line": 339,
            "column": 9
          },
          "end": {
            "line": 342,
            "column": 28
          }
        },
        "118": {
          "start": {
            "line": 349,
            "column": 26
          },
          "end": {
            "line": 386,
            "column": 1
          }
        },
        "119": {
          "start": {
            "line": 351,
            "column": 8
          },
          "end": {
            "line": 352,
            "column": 89
          }
        },
        "120": {
          "start": {
            "line": 355,
            "column": 34
          },
          "end": {
            "line": 355,
            "column": 87
          }
        },
        "121": {
          "start": {
            "line": 356,
            "column": 26
          },
          "end": {
            "line": 356,
            "column": 28
          }
        },
        "122": {
          "start": {
            "line": 358,
            "column": 8
          },
          "end": {
            "line": 378,
            "column": 9
          }
        },
        "123": {
          "start": {
            "line": 360,
            "column": 16
          },
          "end": {
            "line": 362,
            "column": 62
          }
        },
        "124": {
          "start": {
            "line": 363,
            "column": 16
          },
          "end": {
            "line": 363,
            "column": 22
          }
        },
        "125": {
          "start": {
            "line": 365,
            "column": 16
          },
          "end": {
            "line": 367,
            "column": 55
          }
        },
        "126": {
          "start": {
            "line": 368,
            "column": 16
          },
          "end": {
            "line": 368,
            "column": 22
          }
        },
        "127": {
          "start": {
            "line": 370,
            "column": 16
          },
          "end": {
            "line": 372,
            "column": 79
          }
        },
        "128": {
          "start": {
            "line": 373,
            "column": 16
          },
          "end": {
            "line": 373,
            "column": 22
          }
        },
        "129": {
          "start": {
            "line": 375,
            "column": 16
          },
          "end": {
            "line": 377,
            "column": 94
          }
        },
        "130": {
          "start": {
            "line": 380,
            "column": 8
          },
          "end": {
            "line": 380,
            "column": 63
          }
        },
        "131": {
          "start": {
            "line": 381,
            "column": 8
          },
          "end": {
            "line": 384,
            "column": 27
          }
        },
        "132": {
          "start": {
            "line": 388,
            "column": 28
          },
          "end": {
            "line": 404,
            "column": 1
          }
        },
        "133": {
          "start": {
            "line": 390,
            "column": 8
          },
          "end": {
            "line": 391,
            "column": 93
          }
        },
        "134": {
          "start": {
            "line": 394,
            "column": 28
          },
          "end": {
            "line": 394,
            "column": 133
          }
        },
        "135": {
          "start": {
            "line": 396,
            "column": 34
          },
          "end": {
            "line": 396,
            "column": 87
          }
        },
        "136": {
          "start": {
            "line": 397,
            "column": 8
          },
          "end": {
            "line": 397,
            "column": 65
          }
        },
        "137": {
          "start": {
            "line": 399,
            "column": 8
          },
          "end": {
            "line": 402,
            "column": 27
          }
        },
        "138": {
          "start": {
            "line": 406,
            "column": 26
          },
          "end": {
            "line": 417,
            "column": 1
          }
        },
        "139": {
          "start": {
            "line": 408,
            "column": 8
          },
          "end": {
            "line": 409,
            "column": 91
          }
        },
        "140": {
          "start": {
            "line": 412,
            "column": 28
          },
          "end": {
            "line": 412,
            "column": 44
          }
        },
        "141": {
          "start": {
            "line": 413,
            "column": 8
          },
          "end": {
            "line": 415,
            "column": 27
          }
        },
        "142": {
          "start": {
            "line": 419,
            "column": 35
          },
          "end": {
            "line": 430,
            "column": 1
          }
        },
        "143": {
          "start": {
            "line": 421,
            "column": 8
          },
          "end": {
            "line": 421,
            "column": 92
          }
        },
        "144": {
          "start": {
            "line": 425,
            "column": 28
          },
          "end": {
            "line": 425,
            "column": 43
          }
        },
        "145": {
          "start": {
            "line": 426,
            "column": 8
          },
          "end": {
            "line": 428,
            "column": 27
          }
        },
        "146": {
          "start": {
            "line": 436,
            "column": 31
          },
          "end": {
            "line": 449,
            "column": 1
          }
        },
        "147": {
          "start": {
            "line": 438,
            "column": 8
          },
          "end": {
            "line": 438,
            "column": 86
          }
        },
        "148": {
          "start": {
            "line": 441,
            "column": 27
          },
          "end": {
            "line": 441,
            "column": 76
          }
        },
        "149": {
          "start": {
            "line": 442,
            "column": 28
          },
          "end": {
            "line": 442,
            "column": 62
          }
        },
        "150": {
          "start": {
            "line": 444,
            "column": 8
          },
          "end": {
            "line": 447,
            "column": 27
          }
        },
        "151": {
          "start": {
            "line": 454,
            "column": 21
          },
          "end": {
            "line": 467,
            "column": 1
          }
        },
        "152": {
          "start": {
            "line": 456,
            "column": 8
          },
          "end": {
            "line": 456,
            "column": 20
          }
        },
        "153": {
          "start": {
            "line": 459,
            "column": 8
          },
          "end": {
            "line": 459,
            "column": 58
          }
        },
        "154": {
          "start": {
            "line": 460,
            "column": 28
          },
          "end": {
            "line": 460,
            "column": 90
          }
        },
        "155": {
          "start": {
            "line": 462,
            "column": 8
          },
          "end": {
            "line": 465,
            "column": 27
          }
        },
        "156": {
          "start": {
            "line": 472,
            "column": 21
          },
          "end": {
            "line": 472,
            "column": 51
          }
        },
        "157": {
          "start": {
            "line": 474,
            "column": 0
          },
          "end": {
            "line": 493,
            "column": 14
          }
        },
        "158": {
          "start": {
            "line": 497,
            "column": 8
          },
          "end": {
            "line": 504,
            "column": 14
          }
        },
        "159": {
          "start": {
            "line": 499,
            "column": 16
          },
          "end": {
            "line": 499,
            "column": 28
          }
        },
        "160": {
          "start": {
            "line": 502,
            "column": 16
          },
          "end": {
            "line": 502,
            "column": 68
          }
        },
        "161": {
          "start": {
            "line": 503,
            "column": 16
          },
          "end": {
            "line": 503,
            "column": 29
          }
        }
      },
      "fnMap": {
        "0": {
          "name": "(anonymous_0)",
          "decl": {
            "start": {
              "line": 6,
              "column": 4
            },
            "end": {
              "line": 6,
              "column": 5
            }
          },
          "loc": {
            "start": {
              "line": 6,
              "column": 28
            },
            "end": {
              "line": 8,
              "column": 5
            }
          },
          "line": 6
        },
        "1": {
          "name": "(anonymous_1)",
          "decl": {
            "start": {
              "line": 9,
              "column": 4
            },
            "end": {
              "line": 9,
              "column": 5
            }
          },
          "loc": {
            "start": {
              "line": 9,
              "column": 31
            },
            "end": {
              "line": 31,
              "column": 5
            }
          },
          "line": 9
        },
        "2": {
          "name": "(anonymous_2)",
          "decl": {
            "start": {
              "line": 41,
              "column": 4
            },
            "end": {
              "line": 41,
              "column": 5
            }
          },
          "loc": {
            "start": {
              "line": 41,
              "column": 28
            },
            "end": {
              "line": 51,
              "column": 5
            }
          },
          "line": 41
        },
        "3": {
          "name": "(anonymous_3)",
          "decl": {
            "start": {
              "line": 52,
              "column": 4
            },
            "end": {
              "line": 52,
              "column": 5
            }
          },
          "loc": {
            "start": {
              "line": 52,
              "column": 25
            },
            "end": {
              "line": 66,
              "column": 5
            }
          },
          "line": 52
        },
        "4": {
          "name": "(anonymous_4)",
          "decl": {
            "start": {
              "line": 76,
              "column": 4
            },
            "end": {
              "line": 76,
              "column": 5
            }
          },
          "loc": {
            "start": {
              "line": 76,
              "column": 27
            },
            "end": {
              "line": 86,
              "column": 5
            }
          },
          "line": 76
        },
        "5": {
          "name": "(anonymous_5)",
          "decl": {
            "start": {
              "line": 87,
              "column": 4
            },
            "end": {
              "line": 87,
              "column": 5
            }
          },
          "loc": {
            "start": {
              "line": 87,
              "column": 24
            },
            "end": {
              "line": 100,
              "column": 5
            }
          },
          "line": 87
        },
        "6": {
          "name": "(anonymous_6)",
          "decl": {
            "start": {
              "line": 110,
              "column": 4
            },
            "end": {
              "line": 110,
              "column": 5
            }
          },
          "loc": {
            "start": {
              "line": 110,
              "column": 27
            },
            "end": {
              "line": 120,
              "column": 5
            }
          },
          "line": 110
        },
        "7": {
          "name": "(anonymous_7)",
          "decl": {
            "start": {
              "line": 121,
              "column": 4
            },
            "end": {
              "line": 121,
              "column": 5
            }
          },
          "loc": {
            "start": {
              "line": 121,
              "column": 24
            },
            "end": {
              "line": 134,
              "column": 5
            }
          },
          "line": 121
        },
        "8": {
          "name": "(anonymous_8)",
          "decl": {
            "start": {
              "line": 148,
              "column": 4
            },
            "end": {
              "line": 148,
              "column": 5
            }
          },
          "loc": {
            "start": {
              "line": 148,
              "column": 28
            },
            "end": {
              "line": 151,
              "column": 5
            }
          },
          "line": 148
        },
        "9": {
          "name": "(anonymous_9)",
          "decl": {
            "start": {
              "line": 152,
              "column": 4
            },
            "end": {
              "line": 152,
              "column": 5
            }
          },
          "loc": {
            "start": {
              "line": 152,
              "column": 31
            },
            "end": {
              "line": 257,
              "column": 5
            }
          },
          "line": 152
        },
        "10": {
          "name": "(anonymous_10)",
          "decl": {
            "start": {
              "line": 261,
              "column": 5
            },
            "end": {
              "line": 261,
              "column": 6
            }
          },
          "loc": {
            "start": {
              "line": 261,
              "column": 29
            },
            "end": {
              "line": 264,
              "column": 6
            }
          },
          "line": 261
        },
        "11": {
          "name": "(anonymous_11)",
          "decl": {
            "start": {
              "line": 265,
              "column": 5
            },
            "end": {
              "line": 265,
              "column": 6
            }
          },
          "loc": {
            "start": {
              "line": 265,
              "column": 26
            },
            "end": {
              "line": 343,
              "column": 6
            }
          },
          "line": 265
        },
        "12": {
          "name": "(anonymous_12)",
          "decl": {
            "start": {
              "line": 350,
              "column": 4
            },
            "end": {
              "line": 350,
              "column": 5
            }
          },
          "loc": {
            "start": {
              "line": 350,
              "column": 28
            },
            "end": {
              "line": 353,
              "column": 5
            }
          },
          "line": 350
        },
        "13": {
          "name": "(anonymous_13)",
          "decl": {
            "start": {
              "line": 354,
              "column": 4
            },
            "end": {
              "line": 354,
              "column": 5
            }
          },
          "loc": {
            "start": {
              "line": 354,
              "column": 25
            },
            "end": {
              "line": 385,
              "column": 5
            }
          },
          "line": 354
        },
        "14": {
          "name": "(anonymous_14)",
          "decl": {
            "start": {
              "line": 389,
              "column": 4
            },
            "end": {
              "line": 389,
              "column": 5
            }
          },
          "loc": {
            "start": {
              "line": 389,
              "column": 28
            },
            "end": {
              "line": 392,
              "column": 5
            }
          },
          "line": 389
        },
        "15": {
          "name": "(anonymous_15)",
          "decl": {
            "start": {
              "line": 393,
              "column": 4
            },
            "end": {
              "line": 393,
              "column": 5
            }
          },
          "loc": {
            "start": {
              "line": 393,
              "column": 25
            },
            "end": {
              "line": 403,
              "column": 5
            }
          },
          "line": 393
        },
        "16": {
          "name": "(anonymous_16)",
          "decl": {
            "start": {
              "line": 407,
              "column": 4
            },
            "end": {
              "line": 407,
              "column": 5
            }
          },
          "loc": {
            "start": {
              "line": 407,
              "column": 28
            },
            "end": {
              "line": 410,
              "column": 5
            }
          },
          "line": 407
        },
        "17": {
          "name": "(anonymous_17)",
          "decl": {
            "start": {
              "line": 411,
              "column": 4
            },
            "end": {
              "line": 411,
              "column": 5
            }
          },
          "loc": {
            "start": {
              "line": 411,
              "column": 25
            },
            "end": {
              "line": 416,
              "column": 5
            }
          },
          "line": 411
        },
        "18": {
          "name": "(anonymous_18)",
          "decl": {
            "start": {
              "line": 420,
              "column": 4
            },
            "end": {
              "line": 420,
              "column": 5
            }
          },
          "loc": {
            "start": {
              "line": 420,
              "column": 28
            },
            "end": {
              "line": 422,
              "column": 5
            }
          },
          "line": 420
        },
        "19": {
          "name": "(anonymous_19)",
          "decl": {
            "start": {
              "line": 423,
              "column": 4
            },
            "end": {
              "line": 423,
              "column": 5
            }
          },
          "loc": {
            "start": {
              "line": 423,
              "column": 25
            },
            "end": {
              "line": 429,
              "column": 5
            }
          },
          "line": 423
        },
        "20": {
          "name": "(anonymous_20)",
          "decl": {
            "start": {
              "line": 437,
              "column": 4
            },
            "end": {
              "line": 437,
              "column": 5
            }
          },
          "loc": {
            "start": {
              "line": 437,
              "column": 28
            },
            "end": {
              "line": 439,
              "column": 5
            }
          },
          "line": 437
        },
        "21": {
          "name": "(anonymous_21)",
          "decl": {
            "start": {
              "line": 440,
              "column": 4
            },
            "end": {
              "line": 440,
              "column": 5
            }
          },
          "loc": {
            "start": {
              "line": 440,
              "column": 25
            },
            "end": {
              "line": 448,
              "column": 5
            }
          },
          "line": 440
        },
        "22": {
          "name": "(anonymous_22)",
          "decl": {
            "start": {
              "line": 455,
              "column": 4
            },
            "end": {
              "line": 455,
              "column": 5
            }
          },
          "loc": {
            "start": {
              "line": 455,
              "column": 16
            },
            "end": {
              "line": 457,
              "column": 5
            }
          },
          "line": 455
        },
        "23": {
          "name": "(anonymous_23)",
          "decl": {
            "start": {
              "line": 458,
              "column": 4
            },
            "end": {
              "line": 458,
              "column": 5
            }
          },
          "loc": {
            "start": {
              "line": 458,
              "column": 32
            },
            "end": {
              "line": 466,
              "column": 5
            }
          },
          "line": 458
        },
        "24": {
          "name": "saveAppeal",
          "decl": {
            "start": {
              "line": 496,
              "column": 19
            },
            "end": {
              "line": 496,
              "column": 29
            }
          },
          "loc": {
            "start": {
              "line": 496,
              "column": 51
            },
            "end": {
              "line": 505,
              "column": 5
            }
          },
          "line": 496
        },
        "25": {
          "name": "(anonymous_25)",
          "decl": {
            "start": {
              "line": 498,
              "column": 18
            },
            "end": {
              "line": 498,
              "column": 19
            }
          },
          "loc": {
            "start": {
              "line": 498,
              "column": 26
            },
            "end": {
              "line": 500,
              "column": 13
            }
          },
          "line": 498
        },
        "26": {
          "name": "(anonymous_26)",
          "decl": {
            "start": {
              "line": 501,
              "column": 19
            },
            "end": {
              "line": 501,
              "column": 20
            }
          },
          "loc": {
            "start": {
              "line": 501,
              "column": 26
            },
            "end": {
              "line": 504,
              "column": 13
            }
          },
          "line": 501
        }
      },
      "branchMap": {
        "0": {
          "loc": {
            "start": {
              "line": 44,
              "column": 15
            },
            "end": {
              "line": 50,
              "column": 81
            }
          },
          "type": "binary-expr",
          "locations": [
            {
              "start": {
                "line": 44,
                "column": 15
              },
              "end": {
                "line": 44,
                "column": 85
              }
            },
            {
              "start": {
                "line": 45,
                "column": 15
              },
              "end": {
                "line": 45,
                "column": 80
              }
            },
            {
              "start": {
                "line": 47,
                "column": 16
              },
              "end": {
                "line": 47,
                "column": 63
              }
            },
            {
              "start": {
                "line": 48,
                "column": 16
              },
              "end": {
                "line": 48,
                "column": 65
              }
            },
            {
              "start": {
                "line": 49,
                "column": 20
              },
              "end": {
                "line": 49,
                "column": 68
              }
            },
            {
              "start": {
                "line": 50,
                "column": 24
              },
              "end": {
                "line": 50,
                "column": 80
              }
            }
          ],
          "line": 44
        },
        "1": {
          "loc": {
            "start": {
              "line": 79,
              "column": 15
            },
            "end": {
              "line": 85,
              "column": 81
            }
          },
          "type": "binary-expr",
          "locations": [
            {
              "start": {
                "line": 79,
                "column": 15
              },
              "end": {
                "line": 79,
                "column": 85
              }
            },
            {
              "start": {
                "line": 80,
                "column": 15
              },
              "end": {
                "line": 80,
                "column": 82
              }
            },
            {
              "start": {
                "line": 82,
                "column": 16
              },
              "end": {
                "line": 82,
                "column": 70
              }
            },
            {
              "start": {
                "line": 83,
                "column": 16
              },
              "end": {
                "line": 83,
                "column": 68
              }
            },
            {
              "start": {
                "line": 84,
                "column": 20
              },
              "end": {
                "line": 84,
                "column": 68
              }
            },
            {
              "start": {
                "line": 85,
                "column": 24
              },
              "end": {
                "line": 85,
                "column": 80
              }
            }
          ],
          "line": 79
        },
        "2": {
          "loc": {
            "start": {
              "line": 113,
              "column": 15
            },
            "end": {
              "line": 119,
              "column": 77
            }
          },
          "type": "binary-expr",
          "locations": [
            {
              "start": {
                "line": 113,
                "column": 15
              },
              "end": {
                "line": 113,
                "column": 85
              }
            },
            {
              "start": {
                "line": 114,
                "column": 11
              },
              "end": {
                "line": 114,
                "column": 77
              }
            },
            {
              "start": {
                "line": 116,
                "column": 12
              },
              "end": {
                "line": 116,
                "column": 65
              }
            },
            {
              "start": {
                "line": 117,
                "column": 12
              },
              "end": {
                "line": 117,
                "column": 63
              }
            },
            {
              "start": {
                "line": 118,
                "column": 16
              },
              "end": {
                "line": 118,
                "column": 64
              }
            },
            {
              "start": {
                "line": 119,
                "column": 20
              },
              "end": {
                "line": 119,
                "column": 76
              }
            }
          ],
          "line": 113
        },
        "3": {
          "loc": {
            "start": {
              "line": 149,
              "column": 15
            },
            "end": {
              "line": 150,
              "column": 87
            }
          },
          "type": "binary-expr",
          "locations": [
            {
              "start": {
                "line": 149,
                "column": 15
              },
              "end": {
                "line": 149,
                "column": 85
              }
            },
            {
              "start": {
                "line": 150,
                "column": 15
              },
              "end": {
                "line": 150,
                "column": 87
              }
            }
          ],
          "line": 149
        },
        "4": {
          "loc": {
            "start": {
              "line": 158,
              "column": 37
            },
            "end": {
              "line": 158,
              "column": 92
            }
          },
          "type": "binary-expr",
          "locations": [
            {
              "start": {
                "line": 158,
                "column": 37
              },
              "end": {
                "line": 158,
                "column": 86
              }
            },
            {
              "start": {
                "line": 158,
                "column": 90
              },
              "end": {
                "line": 158,
                "column": 92
              }
            }
          ],
          "line": 158
        },
        "5": {
          "loc": {
            "start": {
              "line": 164,
              "column": 8
            },
            "end": {
              "line": 250,
              "column": 9
            }
          },
          "type": "if",
          "locations": [
            {
              "start": {
                "line": 164,
                "column": 8
              },
              "end": {
                "line": 250,
                "column": 9
              }
            },
            {
              "start": {
                "line": 164,
                "column": 8
              },
              "end": {
                "line": 250,
                "column": 9
              }
            }
          ],
          "line": 164
        },
        "6": {
          "loc": {
            "start": {
              "line": 174,
              "column": 12
            },
            "end": {
              "line": 185,
              "column": 13
            }
          },
          "type": "if",
          "locations": [
            {
              "start": {
                "line": 174,
                "column": 12
              },
              "end": {
                "line": 185,
                "column": 13
              }
            },
            {
              "start": {
                "line": 174,
                "column": 12
              },
              "end": {
                "line": 185,
                "column": 13
              }
            }
          ],
          "line": 174
        },
        "7": {
          "loc": {
            "start": {
              "line": 189,
              "column": 13
            },
            "end": {
              "line": 250,
              "column": 9
            }
          },
          "type": "if",
          "locations": [
            {
              "start": {
                "line": 189,
                "column": 13
              },
              "end": {
                "line": 250,
                "column": 9
              }
            },
            {
              "start": {
                "line": 189,
                "column": 13
              },
              "end": {
                "line": 250,
                "column": 9
              }
            }
          ],
          "line": 189
        },
        "8": {
          "loc": {
            "start": {
              "line": 199,
              "column": 13
            },
            "end": {
              "line": 250,
              "column": 9
            }
          },
          "type": "if",
          "locations": [
            {
              "start": {
                "line": 199,
                "column": 13
              },
              "end": {
                "line": 250,
                "column": 9
              }
            },
            {
              "start": {
                "line": 199,
                "column": 13
              },
              "end": {
                "line": 250,
                "column": 9
              }
            }
          ],
          "line": 199
        },
        "9": {
          "loc": {
            "start": {
              "line": 199,
              "column": 17
            },
            "end": {
              "line": 199,
              "column": 167
            }
          },
          "type": "binary-expr",
          "locations": [
            {
              "start": {
                "line": 199,
                "column": 18
              },
              "end": {
                "line": 199,
                "column": 48
              }
            },
            {
              "start": {
                "line": 199,
                "column": 52
              },
              "end": {
                "line": 199,
                "column": 86
              }
            },
            {
              "start": {
                "line": 199,
                "column": 89
              },
              "end": {
                "line": 199,
                "column": 115
              }
            },
            {
              "start": {
                "line": 199,
                "column": 120
              },
              "end": {
                "line": 199,
                "column": 167
              }
            }
          ],
          "line": 199
        },
        "10": {
          "loc": {
            "start": {
              "line": 205,
              "column": 10
            },
            "end": {
              "line": 215,
              "column": 13
            }
          },
          "type": "if",
          "locations": [
            {
              "start": {
                "line": 205,
                "column": 10
              },
              "end": {
                "line": 215,
                "column": 13
              }
            },
            {
              "start": {
                "line": 205,
                "column": 10
              },
              "end": {
                "line": 215,
                "column": 13
              }
            }
          ],
          "line": 205
        },
        "11": {
          "loc": {
            "start": {
              "line": 218,
              "column": 12
            },
            "end": {
              "line": 222,
              "column": 13
            }
          },
          "type": "if",
          "locations": [
            {
              "start": {
                "line": 218,
                "column": 12
              },
              "end": {
                "line": 222,
                "column": 13
              }
            },
            {
              "start": {
                "line": 218,
                "column": 12
              },
              "end": {
                "line": 222,
                "column": 13
              }
            }
          ],
          "line": 218
        },
        "12": {
          "loc": {
            "start": {
              "line": 228,
              "column": 13
            },
            "end": {
              "line": 250,
              "column": 9
            }
          },
          "type": "if",
          "locations": [
            {
              "start": {
                "line": 228,
                "column": 13
              },
              "end": {
                "line": 250,
                "column": 9
              }
            },
            {
              "start": {
                "line": 228,
                "column": 13
              },
              "end": {
                "line": 250,
                "column": 9
              }
            }
          ],
          "line": 228
        },
        "13": {
          "loc": {
            "start": {
              "line": 228,
              "column": 17
            },
            "end": {
              "line": 228,
              "column": 94
            }
          },
          "type": "binary-expr",
          "locations": [
            {
              "start": {
                "line": 228,
                "column": 17
              },
              "end": {
                "line": 228,
                "column": 43
              }
            },
            {
              "start": {
                "line": 228,
                "column": 47
              },
              "end": {
                "line": 228,
                "column": 94
              }
            }
          ],
          "line": 228
        },
        "14": {
          "loc": {
            "start": {
              "line": 234,
              "column": 13
            },
            "end": {
              "line": 250,
              "column": 9
            }
          },
          "type": "if",
          "locations": [
            {
              "start": {
                "line": 234,
                "column": 13
              },
              "end": {
                "line": 250,
                "column": 9
              }
            },
            {
              "start": {
                "line": 234,
                "column": 13
              },
              "end": {
                "line": 250,
                "column": 9
              }
            }
          ],
          "line": 234
        },
        "15": {
          "loc": {
            "start": {
              "line": 234,
              "column": 17
            },
            "end": {
              "line": 234,
              "column": 96
            }
          },
          "type": "binary-expr",
          "locations": [
            {
              "start": {
                "line": 234,
                "column": 17
              },
              "end": {
                "line": 234,
                "column": 45
              }
            },
            {
              "start": {
                "line": 234,
                "column": 49
              },
              "end": {
                "line": 234,
                "column": 96
              }
            }
          ],
          "line": 234
        },
        "16": {
          "loc": {
            "start": {
              "line": 240,
              "column": 13
            },
            "end": {
              "line": 250,
              "column": 9
            }
          },
          "type": "if",
          "locations": [
            {
              "start": {
                "line": 240,
                "column": 13
              },
              "end": {
                "line": 250,
                "column": 9
              }
            },
            {
              "start": {
                "line": 240,
                "column": 13
              },
              "end": {
                "line": 250,
                "column": 9
              }
            }
          ],
          "line": 240
        },
        "17": {
          "loc": {
            "start": {
              "line": 240,
              "column": 16
            },
            "end": {
              "line": 240,
              "column": 91
            }
          },
          "type": "binary-expr",
          "locations": [
            {
              "start": {
                "line": 240,
                "column": 16
              },
              "end": {
                "line": 240,
                "column": 43
              }
            },
            {
              "start": {
                "line": 240,
                "column": 45
              },
              "end": {
                "line": 240,
                "column": 91
              }
            }
          ],
          "line": 240
        },
        "18": {
          "loc": {
            "start": {
              "line": 262,
              "column": 16
            },
            "end": {
              "line": 263,
              "column": 87
            }
          },
          "type": "binary-expr",
          "locations": [
            {
              "start": {
                "line": 262,
                "column": 16
              },
              "end": {
                "line": 262,
                "column": 86
              }
            },
            {
              "start": {
                "line": 263,
                "column": 16
              },
              "end": {
                "line": 263,
                "column": 87
              }
            }
          ],
          "line": 262
        },
        "19": {
          "loc": {
            "start": {
              "line": 273,
              "column": 9
            },
            "end": {
              "line": 336,
              "column": 13
            }
          },
          "type": "if",
          "locations": [
            {
              "start": {
                "line": 273,
                "column": 9
              },
              "end": {
                "line": 336,
                "column": 13
              }
            },
            {
              "start": {
                "line": 273,
                "column": 9
              },
              "end": {
                "line": 336,
                "column": 13
              }
            }
          ],
          "line": 273
        },
        "20": {
          "loc": {
            "start": {
              "line": 282,
              "column": 17
            },
            "end": {
              "line": 336,
              "column": 13
            }
          },
          "type": "if",
          "locations": [
            {
              "start": {
                "line": 282,
                "column": 17
              },
              "end": {
                "line": 336,
                "column": 13
              }
            },
            {
              "start": {
                "line": 282,
                "column": 17
              },
              "end": {
                "line": 336,
                "column": 13
              }
            }
          ],
          "line": 282
        },
        "21": {
          "loc": {
            "start": {
              "line": 291,
              "column": 17
            },
            "end": {
              "line": 336,
              "column": 13
            }
          },
          "type": "if",
          "locations": [
            {
              "start": {
                "line": 291,
                "column": 17
              },
              "end": {
                "line": 336,
                "column": 13
              }
            },
            {
              "start": {
                "line": 291,
                "column": 17
              },
              "end": {
                "line": 336,
                "column": 13
              }
            }
          ],
          "line": 291
        },
        "22": {
          "loc": {
            "start": {
              "line": 300,
              "column": 17
            },
            "end": {
              "line": 336,
              "column": 13
            }
          },
          "type": "if",
          "locations": [
            {
              "start": {
                "line": 300,
                "column": 17
              },
              "end": {
                "line": 336,
                "column": 13
              }
            },
            {
              "start": {
                "line": 300,
                "column": 17
              },
              "end": {
                "line": 336,
                "column": 13
              }
            }
          ],
          "line": 300
        },
        "23": {
          "loc": {
            "start": {
              "line": 312,
              "column": 17
            },
            "end": {
              "line": 336,
              "column": 13
            }
          },
          "type": "if",
          "locations": [
            {
              "start": {
                "line": 312,
                "column": 17
              },
              "end": {
                "line": 336,
                "column": 13
              }
            },
            {
              "start": {
                "line": 312,
                "column": 17
              },
              "end": {
                "line": 336,
                "column": 13
              }
            }
          ],
          "line": 312
        },
        "24": {
          "loc": {
            "start": {
              "line": 323,
              "column": 17
            },
            "end": {
              "line": 336,
              "column": 13
            }
          },
          "type": "if",
          "locations": [
            {
              "start": {
                "line": 323,
                "column": 17
              },
              "end": {
                "line": 336,
                "column": 13
              }
            },
            {
              "start": {
                "line": 323,
                "column": 17
              },
              "end": {
                "line": 336,
                "column": 13
              }
            }
          ],
          "line": 323
        },
        "25": {
          "loc": {
            "start": {
              "line": 333,
              "column": 17
            },
            "end": {
              "line": 336,
              "column": 13
            }
          },
          "type": "if",
          "locations": [
            {
              "start": {
                "line": 333,
                "column": 17
              },
              "end": {
                "line": 336,
                "column": 13
              }
            },
            {
              "start": {
                "line": 333,
                "column": 17
              },
              "end": {
                "line": 336,
                "column": 13
              }
            }
          ],
          "line": 333
        },
        "26": {
          "loc": {
            "start": {
              "line": 351,
              "column": 15
            },
            "end": {
              "line": 352,
              "column": 88
            }
          },
          "type": "binary-expr",
          "locations": [
            {
              "start": {
                "line": 351,
                "column": 15
              },
              "end": {
                "line": 351,
                "column": 85
              }
            },
            {
              "start": {
                "line": 352,
                "column": 15
              },
              "end": {
                "line": 352,
                "column": 88
              }
            }
          ],
          "line": 351
        },
        "27": {
          "loc": {
            "start": {
              "line": 358,
              "column": 8
            },
            "end": {
              "line": 378,
              "column": 9
            }
          },
          "type": "switch",
          "locations": [
            {
              "start": {
                "line": 359,
                "column": 12
              },
              "end": {
                "line": 363,
                "column": 22
              }
            },
            {
              "start": {
                "line": 364,
                "column": 12
              },
              "end": {
                "line": 368,
                "column": 22
              }
            },
            {
              "start": {
                "line": 369,
                "column": 12
              },
              "end": {
                "line": 373,
                "column": 22
              }
            },
            {
              "start": {
                "line": 374,
                "column": 12
              },
              "end": {
                "line": 377,
                "column": 94
              }
            }
          ],
          "line": 358
        },
        "28": {
          "loc": {
            "start": {
              "line": 390,
              "column": 15
            },
            "end": {
              "line": 391,
              "column": 92
            }
          },
          "type": "binary-expr",
          "locations": [
            {
              "start": {
                "line": 390,
                "column": 15
              },
              "end": {
                "line": 390,
                "column": 85
              }
            },
            {
              "start": {
                "line": 391,
                "column": 16
              },
              "end": {
                "line": 391,
                "column": 91
              }
            }
          ],
          "line": 390
        },
        "29": {
          "loc": {
            "start": {
              "line": 408,
              "column": 15
            },
            "end": {
              "line": 409,
              "column": 90
            }
          },
          "type": "binary-expr",
          "locations": [
            {
              "start": {
                "line": 408,
                "column": 15
              },
              "end": {
                "line": 408,
[...]
            "column": 19
          },
          "end": {
            "line": 32,
            "column": 45
          }
        },
        "10": {
          "start": {
            "line": 33,
            "column": 26
          },
          "end": {
            "line": 33,
            "column": 48
          }
        },
        "11": {
          "start": {
            "line": 39,
            "column": 0
          },
          "end": {
            "line": 41,
            "column": 3
          }
        },
        "12": {
          "start": {
            "line": 40,
            "column": 4
          },
          "end": {
            "line": 40,
            "column": 77
          }
        },
        "13": {
          "start": {
            "line": 52,
            "column": 0
          },
          "end": {
            "line": 63,
            "column": 3
          }
        },
        "14": {
          "start": {
            "line": 53,
            "column": 4
          },
          "end": {
            "line": 53,
            "column": 81
          }
        },
        "15": {
          "start": {
            "line": 54,
            "column": 4
          },
          "end": {
            "line": 62,
            "column": 7
          }
        },
        "16": {
          "start": {
            "line": 55,
            "column": 21
          },
          "end": {
            "line": 55,
            "column": 79
          }
        },
        "17": {
          "start": {
            "line": 56,
            "column": 8
          },
          "end": {
            "line": 56,
            "column": 65
          }
        },
        "18": {
          "start": {
            "line": 57,
            "column": 8
          },
          "end": {
            "line": 61,
            "column": 11
          }
        },
        "19": {
          "start": {
            "line": 58,
            "column": 12
          },
          "end": {
            "line": 58,
            "column": 48
          }
        },
        "20": {
          "start": {
            "line": 59,
            "column": 12
          },
          "end": {
            "line": 59,
            "column": 58
          }
        },
        "21": {
          "start": {
            "line": 60,
            "column": 12
          },
          "end": {
            "line": 60,
            "column": 197
          }
        },
        "22": {
          "start": {
            "line": 71,
            "column": 31
          },
          "end": {
            "line": 71,
            "column": 77
          }
        },
        "23": {
          "start": {
            "line": 72,
            "column": 4
          },
          "end": {
            "line": 74,
            "column": 5
          }
        },
        "24": {
          "start": {
            "line": 73,
            "column": 8
          },
          "end": {
            "line": 73,
            "column": 85
          }
        },
        "25": {
          "start": {
            "line": 75,
            "column": 4
          },
          "end": {
            "line": 77,
            "column": 5
          }
        },
        "26": {
          "start": {
            "line": 76,
            "column": 8
          },
          "end": {
            "line": 76,
            "column": 125
          }
        },
        "27": {
          "start": {
            "line": 78,
            "column": 4
          },
          "end": {
            "line": 81,
            "column": 5
          }
        },
        "28": {
          "start": {
            "line": 79,
            "column": 8
          },
          "end": {
            "line": 80,
            "column": 67
          }
        },
        "29": {
          "start": {
            "line": 82,
            "column": 4
          },
          "end": {
            "line": 82,
            "column": 30
          }
        },
        "30": {
          "start": {
            "line": 91,
            "column": 4
          },
          "end": {
            "line": 91,
            "column": 60
          }
        },
        "31": {
          "start": {
            "line": 101,
            "column": 29
          },
          "end": {
            "line": 101,
            "column": 58
          }
        },
        "32": {
          "start": {
            "line": 102,
            "column": 4
          },
          "end": {
            "line": 104,
            "column": 5
          }
        },
        "33": {
          "start": {
            "line": 103,
            "column": 8
          },
          "end": {
            "line": 103,
            "column": 63
          }
        },
        "34": {
          "start": {
            "line": 105,
            "column": 4
          },
          "end": {
            "line": 105,
            "column": 28
          }
        },
        "35": {
          "start": {
            "line": 115,
            "column": 18
          },
          "end": {
            "line": 115,
            "column": 59
          }
        },
        "36": {
          "start": {
            "line": 116,
            "column": 4
          },
          "end": {
            "line": 122,
            "column": 5
          }
        },
        "37": {
          "start": {
            "line": 117,
            "column": 8
          },
          "end": {
            "line": 121,
            "column": 9
          }
        },
        "38": {
          "start": {
            "line": 118,
            "column": 12
          },
          "end": {
            "line": 118,
            "column": 81
          }
        },
        "39": {
          "start": {
            "line": 120,
            "column": 12
          },
          "end": {
            "line": 120,
            "column": 32
          }
        },
        "40": {
          "start": {
            "line": 123,
            "column": 4
          },
          "end": {
            "line": 123,
            "column": 35
          }
        }
      },
      "fnMap": {
        "0": {
          "name": "(anonymous_0)",
          "decl": {
            "start": {
              "line": 39,
              "column": 39
            },
            "end": {
              "line": 39,
              "column": 40
            }
          },
          "loc": {
            "start": {
              "line": 39,
              "column": 45
            },
            "end": {
              "line": 41,
              "column": 1
            }
          },
          "line": 39
        },
        "1": {
          "name": "(anonymous_1)",
          "decl": {
            "start": {
              "line": 52,
              "column": 31
            },
            "end": {
              "line": 52,
              "column": 32
            }
          },
          "loc": {
            "start": {
              "line": 52,
              "column": 43
            },
            "end": {
              "line": 63,
              "column": 1
            }
          },
          "line": 52
        },
        "2": {
          "name": "(anonymous_2)",
          "decl": {
            "start": {
              "line": 54,
              "column": 22
            },
            "end": {
              "line": 54,
              "column": 23
            }
          },
          "loc": {
            "start": {
              "line": 54,
              "column": 32
            },
            "end": {
              "line": 62,
              "column": 5
            }
          },
          "line": 54
        },
        "3": {
          "name": "(anonymous_3)",
          "decl": {
            "start": {
              "line": 57,
              "column": 52
            },
            "end": {
              "line": 57,
              "column": 53
            }
          },
          "loc": {
            "start": {
              "line": 57,
              "column": 78
            },
            "end": {
              "line": 61,
              "column": 9
            }
          },
          "line": 57
        },
        "4": {
          "name": "getAndValidatePortNumber",
          "decl": {
            "start": {
              "line": 70,
              "column": 9
            },
            "end": {
              "line": 70,
              "column": 33
            }
          },
          "loc": {
            "start": {
              "line": 70,
              "column": 36
            },
            "end": {
              "line": 83,
              "column": 1
            }
          },
          "line": 70
        },
        "5": {
          "name": "getLambdaHandlerName",
          "decl": {
            "start": {
              "line": 90,
              "column": 9
            },
            "end": {
              "line": 90,
              "column": 29
            }
          },
          "loc": {
            "start": {
              "line": 90,
              "column": 32
            },
            "end": {
              "line": 92,
              "column": 1
            }
          },
          "line": 90
        },
        "6": {
          "name": "getAndValidateSkillInvokerFile",
          "decl": {
            "start": {
              "line": 100,
              "column": 9
            },
            "end": {
              "line": 100,
              "column": 39
            }
          },
          "loc": {
            "start": {
              "line": 100,
              "column": 42
            },
            "end": {
              "line": 106,
              "column": 1
            }
          },
          "line": 100
        },
        "7": {
          "name": "getArgument",
          "decl": {
            "start": {
              "line": 114,
              "column": 9
            },
            "end": {
              "line": 114,
              "column": 20
            }
          },
          "loc": {
            "start": {
              "line": 114,
              "column": 49
            },
            "end": {
              "line": 124,
              "column": 1
            }
          },
          "line": 114
        }
      },
      "branchMap": {
        "0": {
          "loc": {
            "start": {
              "line": 72,
              "column": 4
            },
            "end": {
              "line": 74,
              "column": 5
            }
          },
          "type": "if",
          "locations": [
            {
              "start": {
                "line": 72,
                "column": 4
              },
              "end": {
                "line": 74,
                "column": 5
              }
            },
            {
              "start": {
                "line": 72,
                "column": 4
              },
              "end": {
                "line": 74,
                "column": 5
              }
            }
          ],
          "line": 72
        },
        "1": {
          "loc": {
            "start": {
              "line": 75,
              "column": 4
            },
            "end": {
              "line": 77,
              "column": 5
            }
          },
          "type": "if",
          "locations": [
            {
              "start": {
                "line": 75,
                "column": 4
              },
              "end": {
                "line": 77,
                "column": 5
              }
            },
            {
              "start": {
                "line": 75,
                "column": 4
              },
              "end": {
                "line": 77,
                "column": 5
              }
            }
          ],
          "line": 75
        },
        "2": {
          "loc": {
            "start": {
              "line": 75,
              "column": 8
            },
            "end": {
              "line": 75,
              "column": 60
            }
          },
          "type": "binary-expr",
          "locations": [
            {
              "start": {
                "line": 75,
                "column": 8
              },
              "end": {
                "line": 75,
                "column": 30
              }
            },
            {
              "start": {
                "line": 75,
                "column": 34
              },
              "end": {
                "line": 75,
                "column": 60
              }
            }
          ],
          "line": 75
        },
        "3": {
          "loc": {
            "start": {
              "line": 78,
              "column": 4
            },
            "end": {
              "line": 81,
              "column": 5
            }
          },
          "type": "if",
          "locations": [
            {
              "start": {
                "line": 78,
                "column": 4
              },
              "end": {
                "line": 81,
                "column": 5
              }
            },
            {
              "start": {
                "line": 78,
                "column": 4
              },
              "end": {
                "line": 81,
                "column": 5
              }
            }
          ],
          "line": 78
        },
        "4": {
          "loc": {
            "start": {
              "line": 102,
              "column": 4
            },
            "end": {
              "line": 104,
              "column": 5
            }
          },
          "type": "if",
          "locations": [
            {
              "start": {
                "line": 102,
                "column": 4
              },
              "end": {
                "line": 104,
                "column": 5
              }
            },
            {
              "start": {
                "line": 102,
                "column": 4
              },
              "end": {
                "line": 104,
                "column": 5
              }
            }
          ],
          "line": 102
        },
        "5": {
          "loc": {
            "start": {
              "line": 116,
              "column": 4
            },
            "end": {
              "line": 122,
              "column": 5
            }
          },
          "type": "if",
          "locations": [
            {
              "start": {
                "line": 116,
                "column": 4
              },
              "end": {
                "line": 122,
                "column": 5
              }
            },
            {
              "start": {
                "line": 116,
                "column": 4
              },
              "end": {
                "line": 122,
                "column": 5
              }
            }
          ],
          "line": 116
        },
        "6": {
          "loc": {
            "start": {
              "line": 116,
              "column": 8
            },
            "end": {
              "line": 116,
              "column": 70
            }
          },
          "type": "binary-expr",
          "locations": [
            {
              "start": {
                "line": 116,
                "column": 8
              },
              "end": {
                "line": 116,
                "column": 20
              }
            },
            {
              "start": {
                "line": 116,
                "column": 24
              },
              "end": {
                "line": 116,
                "column": 70
              }
            }
          ],
          "line": 116
        },
        "7": {
          "loc": {
            "start": {
              "line": 117,
              "column": 8
            },
            "end": {
              "line": 121,
              "column": 9
            }
          },
          "type": "if",
          "locations": [
            {
              "start": {
                "line": 117,
                "column": 8
              },
              "end": {
                "line": 121,
                "column": 9
              }
            },
            {
              "start": {
                "line": 117,
                "column": 8
              },
              "end": {
                "line": 121,
                "column": 9
              }
            }
          ],
          "line": 117
        }
      },
      "s": {
        "0": 0,
        "1": 0,
        "2": 0,
        "3": 0,
        "4": 0,
        "5": 0,
        "6": 0,
        "7": 0,
        "8": 0,
        "9": 0,
        "10": 0,
        "11": 0,
        "12": 0,
        "13": 0,
        "14": 0,
        "15": 0,
        "16": 0,
        "17": 0,
        "18": 0,
        "19": 0,
        "20": 0,
        "21": 0,
        "22": 0,
        "23": 0,
        "24": 0,
        "25": 0,
        "26": 0,
        "27": 0,
        "28": 0,
        "29": 0,
        "30": 0,
        "31": 0,
        "32": 0,
        "33": 0,
        "34": 0,
        "35": 0,
        "36": 0,
        "37": 0,
        "38": 0,
        "39": 0,
        "40": 0
      },
      "f": {
        "0": 0,
        "1": 0,
        "2": 0,
        "3": 0,
        "4": 0,
        "5": 0,
        "6": 0,
        "7": 0
      },
      "b": {
        "0": [
          0,
          0
        ],
        "1": [
          0,
          0
        ],
        "2": [
          0,
          0
        ],
        "3": [
          0,
          0
        ],
        "4": [
          0,
          0
        ],
        "5": [
          0,
          0
        ],
        "6": [
          0,
          0
        ],
        "7": [
          0,
          0
        ]
      },
      "hash": "5ccba278eb0b5305ff7557c96cd625cf2abc253e"
    },
    "C:\\Users\\Fral\\source\\repos\\hrbowers\\alexa-accessibility\\lambda\\custom\\util.js": {
      "path": "C:\\Users\\Fral\\source\\repos\\hrbowers\\alexa-accessibility\\lambda\\custom\\util.js",
      "statementMap": {
        "0": {
          "start": {
            "line": 1,
            "column": 12
          },
          "end": {
            "line": 1,
            "column": 30
          }
        },
        "1": {
          "start": {
            "line": 3,
            "column": 22
          },
          "end": {
            "line": 5,
            "column": 2
          }
        },
        "2": {
          "start": {
            "line": 7,
            "column": 0
          },
          "end": {
            "line": 18,
            "column": 1
          }
        },
        "3": {
          "start": {
            "line": 9,
            "column": 23
          },
          "end": {
            "line": 9,
            "column": 56
          }
        },
        "4": {
          "start": {
            "line": 10,
            "column": 27
          },
          "end": {
            "line": 14,
            "column": 6
          }
        },
        "5": {
          "start": {
            "line": 15,
            "column": 4
          },
          "end": {
            "line": 15,
            "column": 77
          }
        },
        "6": {
          "start": {
            "line": 16,
            "column": 4
          },
          "end": {
            "line": 16,
            "column": 26
          }
        }
      },
      "fnMap": {
        "0": {
          "name": "getS3PreSignedUrl",
          "decl": {
            "start": {
              "line": 7,
              "column": 44
            },
            "end": {
              "line": 7,
              "column": 61
            }
          },
          "loc": {
            "start": {
              "line": 7,
              "column": 75
            },
            "end": {
              "line": 18,
              "column": 1
            }
          },
          "line": 7
        }
      },
      "branchMap": {},
      "s": {
        "0": 0,
        "1": 0,
        "2": 0,
        "3": 0,
        "4": 0,
        "5": 0,
        "6": 0
      },
      "f": {
        "0": 0
      },
      "b": {},
      "hash": "b0e0429a5821e2629ce468224ad73dbeb6dc608e"
    }
  }
}